<?xml version="1.0" encoding="UTF-8" ?>
<testsuite tests="10" failures="0" name="hr.fer.oprpp1.custom.collections.ArrayIndexedCollectionTest" time="0.001" errors="0" skipped="0">
  <properties>
    <property name="java.runtime.name" value="Java(TM) SE Runtime Environment"/>
    <property name="java.vm.version" value="19+36-2238"/>
    <property name="sun.boot.library.path" value="/home/kreso/jdk-19/lib"/>
    <property name="maven.multiModuleProjectDirectory" value="/home/kreso/FER/OPRPP1/javaWorkspace/hw01-0036526770"/>
    <property name="java.vm.vendor" value="Oracle Corporation"/>
    <property name="java.vendor.url" value="https://java.oracle.com/"/>
    <property name="guice.disable.misplaced.annotation.check" value="true"/>
    <property name="path.separator" value=":"/>
    <property name="java.vm.name" value="Java HotSpot(TM) 64-Bit Server VM"/>
    <property name="user.country" value="US"/>
    <property name="sun.java.launcher" value="SUN_STANDARD"/>
    <property name="java.vm.specification.name" value="Java Virtual Machine Specification"/>
    <property name="user.dir" value="/home/kreso/FER/OPRPP1/javaWorkspace/hw01-0036526770"/>
    <property name="java.vm.compressedOopsMode" value="32-bit"/>
    <property name="java.runtime.version" value="19+36-2238"/>
    <property name="os.arch" value="amd64"/>
    <property name="java.io.tmpdir" value="/tmp"/>
    <property name="line.separator" value="
"/>
    <property name="java.vm.specification.vendor" value="Oracle Corporation"/>
    <property name="stderr.encoding" value="UTF-8"/>
    <property name="os.name" value="Linux"/>
    <property name="classworlds.conf" value="/home/kreso/apache-maven-3.8.6/bin/m2.conf"/>
    <property name="sun.jnu.encoding" value="UTF-8"/>
    <property name="stdout.encoding" value="UTF-8"/>
    <property name="java.library.path" value="/usr/java/packages/lib:/usr/lib64:/lib64:/lib:/usr/lib"/>
    <property name="maven.conf" value="/home/kreso/apache-maven-3.8.6/conf"/>
    <property name="jdk.debug" value="release"/>
    <property name="java.class.version" value="63.0"/>
    <property name="java.specification.name" value="Java Platform API Specification"/>
    <property name="sun.management.compiler" value="HotSpot 64-Bit Tiered Compilers"/>
    <property name="os.version" value="5.19.0-41-generic"/>
    <property name="library.jansi.path" value="/home/kreso/apache-maven-3.8.6/lib/jansi-native"/>
    <property name="user.home" value="/home/kreso"/>
    <property name="user.timezone" value="Europe/Zagreb"/>
    <property name="file.encoding" value="UTF-8"/>
    <property name="java.specification.version" value="19"/>
    <property name="user.name" value="kreso"/>
    <property name="java.class.path" value="/home/kreso/apache-maven-3.8.6/boot/plexus-classworlds-2.6.0.jar"/>
    <property name="java.vm.specification.version" value="19"/>
    <property name="sun.arch.data.model" value="64"/>
    <property name="sun.java.command" value="org.codehaus.plexus.classworlds.launcher.Launcher install"/>
    <property name="java.home" value="/home/kreso/jdk-19"/>
    <property name="user.language" value="en"/>
    <property name="java.specification.vendor" value="Oracle Corporation"/>
    <property name="java.vm.info" value="mixed mode, sharing"/>
    <property name="java.version" value="19"/>
    <property name="native.encoding" value="UTF-8"/>
    <property name="java.vendor" value="Oracle Corporation"/>
    <property name="maven.home" value="/home/kreso/apache-maven-3.8.6"/>
    <property name="file.separator" value="/"/>
    <property name="java.version.date" value="2022-09-20"/>
    <property name="java.vendor.url.bug" value="https://bugreport.java.com/bugreport/"/>
    <property name="sun.io.unicode.encoding" value="UnicodeLittle"/>
    <property name="sun.cpu.endian" value="little"/>
  </properties>
  <testcase classname="hr.fer.oprpp1.custom.collections.ArrayIndexedCollectionTest" name="hr.fer.oprpp1.custom.collections.ArrayIndexedCollectionTest.testConstructor1" time="0"/>
  <testcase classname="hr.fer.oprpp1.custom.collections.ArrayIndexedCollectionTest" name="hr.fer.oprpp1.custom.collections.ArrayIndexedCollectionTest.testConstructor2" time="0"/>
  <testcase classname="hr.fer.oprpp1.custom.collections.ArrayIndexedCollectionTest" name="hr.fer.oprpp1.custom.collections.ArrayIndexedCollectionTest.testNullAdd" time="0"/>
  <testcase classname="hr.fer.oprpp1.custom.collections.ArrayIndexedCollectionTest" name="hr.fer.oprpp1.custom.collections.ArrayIndexedCollectionTest.testClearFunction" time="0"/>
  <testcase classname="hr.fer.oprpp1.custom.collections.ArrayIndexedCollectionTest" name="hr.fer.oprpp1.custom.collections.ArrayIndexedCollectionTest.testInsertThrows" time="0"/>
  <testcase classname="hr.fer.oprpp1.custom.collections.ArrayIndexedCollectionTest" name="hr.fer.oprpp1.custom.collections.ArrayIndexedCollectionTest.testIndexOfFunction" time="0"/>
  <testcase classname="hr.fer.oprpp1.custom.collections.ArrayIndexedCollectionTest" name="hr.fer.oprpp1.custom.collections.ArrayIndexedCollectionTest.testRemoveThrows" time="0.001"/>
  <testcase classname="hr.fer.oprpp1.custom.collections.ArrayIndexedCollectionTest" name="hr.fer.oprpp1.custom.collections.ArrayIndexedCollectionTest.testConstructor3" time="0"/>
  <testcase classname="hr.fer.oprpp1.custom.collections.ArrayIndexedCollectionTest" name="hr.fer.oprpp1.custom.collections.ArrayIndexedCollectionTest.testConstructor4" time="0"/>
  <testcase classname="hr.fer.oprpp1.custom.collections.ArrayIndexedCollectionTest" name="hr.fer.oprpp1.custom.collections.ArrayIndexedCollectionTest.testGetFunction" time="0"/>
</testsuite>